build/app/outputs/mapping/release/seeds.txt
com.example.sahitya_application.MainActivity
com.example.sahitya_application.MainActivity: MainActivity()
...
androidx.window.embedding.EmbeddingCompat$Companion: EmbeddingCompat$Companion()
io.flutter.embedding.engine.FlutterJNI: void setPlatformViewsController(io.flutter.plugin.platform.PlatformViewsController)
androidx.window.embedding.ActivityStack: boolean isEmpty()
io.flutter.embedding.engine.FlutterJNI: void updateJavaAssetManager(android.content.res.AssetManager,java.lang.String)
androidx.window.embedding.ActivityStack: java.util.List getActivities$window_release()
io.flutter.plugin.platform.SingleViewPresentation: void onCreate(android.os.Bundle)
kotlinx.coroutines.scheduling.CoroutineScheduler$WorkerState: kotlinx.coroutines.scheduling.CoroutineScheduler$WorkerState valueOf(java.lang.String)
androidx.core.graphics.drawable.IconCompatParcelizer: IconCompatParcelizer()
androidx.window.layout.FoldingFeature: androidx.window.layout.FoldingFeature$State getState()
androidx.window.embedding.ActivityFilter: ActivityFilter(android.content.ComponentName,java.lang.String)
androidx.window.layout.HardwareFoldingFeature$Type: java.lang.String toString()
io.flutter.embedding.engine.mutatorsstack.FlutterMutatorsStack: java.util.List getFinalClippingPaths()
androidx.window.core.Version: java.math.BigInteger getBigInteger()
androidx.window.layout.ExtensionInterfaceCompat: void onWindowLayoutChangeListenerRemoved(android.app.Activity)
io.flutter.view.AccessibilityBridge$TextDirection: io.flutter.view.AccessibilityBridge$TextDirection[] values()
androidx.window.layout.SidecarWindowBackend$WindowLayoutChangeCallbackWrapper: SidecarWindowBackend$WindowLayoutChangeCallbackWrapper(android.app.Activity,java.util.concurrent.Executor,androidx.core.util.Consumer)
androidx.core.app.RemoteActionCompatParcelizer: void write(androidx.core.app.RemoteActionCompat,androidx.versionedparcelable.VersionedParcel)
androidx.window.layout.ExtensionsWindowLayoutInfoAdapter: ExtensionsWindowLayoutInfoAdapter()
androidx.window.embedding.SplitController$Companion: SplitController$Companion(kotlin.jvm.internal.DefaultConstructorMarker)
io.flutter.embedding.android.KeyboardManager: boolean handleEvent(android.view.KeyEvent)
androidx.window.layout.WindowMetricsCalculator$-CC: androidx.window.layout.WindowMetricsCalculator getOrCreate()
androidx.window.layout.SidecarCompat$registerConfigurationChangeListener$configChangeObserver$1: void onLowMemory()
io.flutter.embedding.android.FlutterActivityLaunchConfigs$BackgroundMode: io.flutter.embedding.android.FlutterActivityLaunchConfigs$BackgroundMode[] values()
androidx.window.layout.WindowMetricsCalculator$Companion$decorator$1: java.lang.Object invoke(java.lang.Object)
kotlin.coroutines.jvm.internal.BaseContinuationImpl: java.lang.StackTraceElement getStackTraceElement()
io.flutter.plugin.editing.ImeSyncDeferringInsetsCallback: android.view.WindowInsets access$400(io.flutter.plugin.editing.ImeSyncDeferringInsetsCallback)
androidx.window.layout.ExtensionWindowLayoutInfoBackend$MulticastConsumer: void accept(androidx.window.extensions.layout.WindowLayoutInfo)
io.flutter.embedding.engine.systemchannels.PlatformChannel$SystemUiOverlay: io.flutter.embedding.engine.systemchannels.PlatformChannel$SystemUiOverlay[] values()
androidx.window.embedding.EmbeddingAdapter: androidx.window.embedding.SplitInfo translate(androidx.window.extensions.embedding.SplitInfo)
androidx.window.layout.SidecarWindowBackend$WindowLayoutChangeCallbackWrapper: androidx.core.util.Consumer getCallback()
kotlin.reflect.KVisibility: kotlin.reflect.KVisibility valueOf(java.lang.String)
kotlin.coroutines.AbstractCoroutineContextElement: kotlin.coroutines.CoroutineContext minusKey(kotlin.coroutines.CoroutineContext$Key)
androidx.window.layout.SidecarCompat: androidx.window.layout.WindowLayoutInfo getWindowLayoutInfo(android.app.Activity)
io.flutter.plugin.editing.ImeSyncDeferringInsetsCallback$AnimationCallback: void onPrepare(android.view.WindowInsetsAnimation)