build/app/outputs/mapping/release/mapping.txt
# compiler: R8
# compiler_version: 3.2.47
# min_api: 16
# common_typos_disable
# {"id":"com.android.tools.r8.mapping","version":"2.0"}
# pg_map_id: ecabab1
# pg_map_hash: SHA-256 ecabab1c77c0c72492d5463548a672cb495eb7068c994436e04dbce30fabbbe8
...
kotlinx.coroutines.YieldContext -> v0.e2:
    kotlinx.coroutines.YieldContext$Key Key -> e
    boolean dispatcherWasUnconfined -> d
kotlinx.coroutines.YieldContext$Key -> v0.e2$a:
kotlinx.coroutines.android.HandlerContext -> w0.a:
    java.lang.String name -> f
    android.os.Handler handler -> e
    boolean invokeImmediately -> g
    kotlinx.coroutines.android.HandlerContext immediate -> h
    void dispatch(kotlin.coroutines.CoroutineContext,java.lang.Runnable) -> m
    boolean isDispatchNeeded(kotlin.coroutines.CoroutineContext) -> n
    kotlinx.coroutines.MainCoroutineDispatcher getImmediate() -> p
    void cancelOnRejection(kotlin.coroutines.CoroutineContext,java.lang.Runnable) -> r
    kotlinx.coroutines.android.HandlerContext getImmediate() -> t
kotlinx.coroutines.android.HandlerDispatcher -> w0.b:
kotlinx.coroutines.android.HandlerDispatcherKt -> w0.c:
    kotlinx.coroutines.android.HandlerDispatcher Main -> a
    android.os.Handler asHandler(android.os.Looper,boolean) -> a
kotlinx.coroutines.channels.AbstractChannel -> x0.a:
    kotlinx.coroutines.channels.ReceiveOrClosed takeFirstReceiveOrPeekClosed() -> l
    boolean access$enqueueReceive(kotlinx.coroutines.channels.AbstractChannel,kotlinx.coroutines.channels.Receive) -> n
    void access$removeReceiveOnCancel(kotlinx.coroutines.channels.AbstractChannel,kotlinx.coroutines.CancellableContinuation,kotlinx.coroutines.channels.Receive) -> o
    boolean enqueueReceive(kotlinx.coroutines.channels.Receive) -> p
    boolean enqueueReceiveInternal(kotlinx.coroutines.channels.Receive) -> q
    boolean isBufferAlwaysEmpty() -> r
    boolean isBufferEmpty() -> s
    void onReceiveDequeued() -> t
    void onReceiveEnqueued() -> u
    java.lang.Object pollInternal() -> v
    void removeReceiveOnCancel(kotlinx.coroutines.CancellableContinuation,kotlinx.coroutines.channels.Receive) -> w
kotlinx.coroutines.channels.AbstractChannel$Itr -> x0.a$a:
    java.lang.Object result -> b
    kotlinx.coroutines.channels.AbstractChannel channel -> a
    java.lang.Object hasNext(kotlin.coroutines.Continuation) -> a
    java.lang.Object getResult() -> b
    boolean hasNextResult(java.lang.Object) -> c
    java.lang.Object hasNextSuspend(kotlin.coroutines.Continuation) -> d
    void setResult(java.lang.Object) -> e
kotlinx.coroutines.channels.AbstractChannel$ReceiveHasNext -> x0.a$b:
    kotlinx.coroutines.channels.AbstractChannel$Itr iterator -> g
    kotlinx.coroutines.CancellableContinuation cont -> h
    kotlin.jvm.functions.Function1 resumeOnCancellationFun(java.lang.Object) -> A
    void completeResumeReceive(java.lang.Object) -> d
    kotlinx.coroutines.internal.Symbol tryResumeReceive(java.lang.Object,kotlinx.coroutines.internal.LockFreeLinkedListNode$PrepareOp) -> h
    void resumeReceiveClosed(kotlinx.coroutines.channels.Closed) -> z
kotlinx.coroutines.channels.AbstractChannel$RemoveReceiveOnCancel -> x0.a$c:
    kotlinx.coroutines.channels.Receive receive -> d
    kotlinx.coroutines.channels.AbstractChannel this$0 -> e
    void invoke(java.lang.Throwable) -> a
kotlinx.coroutines.channels.AbstractChannel$enqueueReceiveInternal$$inlined$addLastIfPrevAndIf$1 -> x0.a$d:
    kotlinx.coroutines.channels.AbstractChannel this$0 -> e
    kotlinx.coroutines.internal.LockFreeLinkedListNode $node -> d
    java.lang.Object prepare(java.lang.Object) -> g
    java.lang.Object prepare(kotlinx.coroutines.internal.LockFreeLinkedListNode) -> i
kotlinx.coroutines.channels.AbstractChannelKt -> x0.b:
    kotlinx.coroutines.internal.Symbol EMPTY -> a
    kotlinx.coroutines.internal.Symbol POLL_FAILED -> d
    kotlinx.coroutines.internal.Symbol ENQUEUE_FAILED -> e
    kotlinx.coroutines.internal.Symbol OFFER_SUCCESS -> b
    kotlinx.coroutines.internal.Symbol OFFER_FAILED -> c
    kotlinx.coroutines.internal.Symbol HANDLER_INVOKED -> f