build/app/outputs/mapping/release/usage.txt
com.example.sahitya_application.BuildConfig
com.example.sahitya_application.R$attr
com.example.sahitya_application.R$color
com.example.sahitya_application.R$dimen
com.example.sahitya_application.R$drawable
com.example.sahitya_application.R$id
com.example.sahitya_application.R$integer
com.example.sahitya_application.R$layout
com.example.sahitya_application.R$mipmap
com.example.sahitya_application.R$string
com.example.sahitya_application.R$style
com.example.sahitya_application.R$styleable
com.example.sahitya_application.R
...
kotlin.jvm.functions.Function19:
    public abstract java.lang.Object invoke(java.lang.Object,java.lang.Object,java.lang.Object,java.lang.Object,java.lang.Object,java.lang.Object,java.lang.Object,java.lang.Object,java.lang.Object,java.lang.Object,java.lang.Object,java.lang.Object,java.lang.Object,java.lang.Object,java.lang.Object,java.lang.Object,java.lang.Object,java.lang.Object,java.lang.Object)
kotlin.jvm.functions.Function20:
    public abstract java.lang.Object invoke(java.lang.Object,java.lang.Object,java.lang.Object,java.lang.Object,java.lang.Object,java.lang.Object,java.lang.Object,java.lang.Object,java.lang.Object,java.lang.Object,java.lang.Object,java.lang.Object,java.lang.Object,java.lang.Object,java.lang.Object,java.lang.Object,java.lang.Object,java.lang.Object,java.lang.Object,java.lang.Object)
kotlin.jvm.functions.Function21:
    public abstract java.lang.Object invoke(java.lang.Object,java.lang.Object,java.lang.Object,java.lang.Object,java.lang.Object,java.lang.Object,java.lang.Object,java.lang.Object,java.lang.Object,java.lang.Object,java.lang.Object,java.lang.Object,java.lang.Object,java.lang.Object,java.lang.Object,java.lang.Object,java.lang.Object,java.lang.Object,java.lang.Object,java.lang.Object,java.lang.Object)
kotlin.jvm.functions.Function22:
    public abstract java.lang.Object invoke(java.lang.Object,java.lang.Object,java.lang.Object,java.lang.Object,java.lang.Object,java.lang.Object,java.lang.Object,java.lang.Object,java.lang.Object,java.lang.Object,java.lang.Object,java.lang.Object,java.lang.Object,java.lang.Object,java.lang.Object,java.lang.Object,java.lang.Object,java.lang.Object,java.lang.Object,java.lang.Object,java.lang.Object,java.lang.Object)
kotlin.jvm.functions.Function4:
    public abstract java.lang.Object invoke(java.lang.Object,java.lang.Object,java.lang.Object,java.lang.Object)
kotlin.jvm.functions.Function5:
    public abstract java.lang.Object invoke(java.lang.Object,java.lang.Object,java.lang.Object,java.lang.Object,java.lang.Object)
kotlin.jvm.functions.Function6:
    public abstract java.lang.Object invoke(java.lang.Object,java.lang.Object,java.lang.Object,java.lang.Object,java.lang.Object,java.lang.Object)
kotlin.jvm.functions.Function7:
    public abstract java.lang.Object invoke(java.lang.Object,java.lang.Object,java.lang.Object,java.lang.Object,java.lang.Object,java.lang.Object,java.lang.Object)
kotlin.jvm.functions.Function8:
    public abstract java.lang.Object invoke(java.lang.Object,java.lang.Object,java.lang.Object,java.lang.Object,java.lang.Object,java.lang.Object,java.lang.Object,java.lang.Object)
kotlin.jvm.functions.Function9:
    public abstract java.lang.Object invoke(java.lang.Object,java.lang.Object,java.lang.Object,java.lang.Object,java.lang.Object,java.lang.Object,java.lang.Object,java.lang.Object,java.lang.Object)
kotlin.jvm.functions.FunctionN
kotlin.jvm.internal.AdaptedFunctionReference
kotlin.jvm.internal.ArrayBooleanIterator
kotlin.jvm.internal.ArrayByteIterator
kotlin.jvm.internal.ArrayCharIterator
kotlin.jvm.internal.ArrayDoubleIterator
kotlin.jvm.internal.ArrayFloatIterator
kotlin.jvm.internal.ArrayIntIterator
kotlin.jvm.internal.ArrayIterator
kotlin.jvm.internal.ArrayIteratorKt
kotlin.jvm.internal.ArrayIteratorsKt
kotlin.jvm.internal.ArrayLongIterator
kotlin.jvm.internal.ArrayShortIterator
kotlin.jvm.internal.BooleanCompanionObject
kotlin.jvm.internal.BooleanSpreadBuilder
kotlin.jvm.internal.ByteCompanionObject
kotlin.jvm.internal.ByteSpreadBuilder
kotlin.jvm.internal.CallableReference$NoReceiver:
    private java.lang.Object readResolve()
kotlin.jvm.internal.CharCompanionObject
kotlin.jvm.internal.CharSpreadBuilder
kotlin.jvm.internal.ClassReference$Companion:
    public final java.lang.String getClassQualifiedName(java.lang.Class)
    public final boolean isInstance(java.lang.Object,java.lang.Class)